0 info it worked if it ends with ok
1 verbose cli [ 'C:\\Program Files\\nodejs\\node.exe',
1 verbose cli   'C:\\Users\\Administrator\\AppData\\Roaming\\npm\\node_modules\\cnpm\\node_modules\\npm\\bin\\npm-cli.js',
1 verbose cli   '--userconfig=C:\\Users\\Administrator\\.cnpmrc',
1 verbose cli   '--disturl=https://npm.taobao.org/mirrors/node',
1 verbose cli   '--registry=https://registry.npm.taobao.org',
1 verbose cli   'run',
1 verbose cli   'dev' ]
2 info using npm@3.10.10
3 info using node@v6.10.3
4 verbose run-script [ 'predev', 'dev', 'postdev' ]
5 info lifecycle iep@1.0.2~predev: iep@1.0.2
6 silly lifecycle iep@1.0.2~predev: no script for predev, continuing
7 info lifecycle iep@1.0.2~dev: iep@1.0.2
8 verbose lifecycle iep@1.0.2~dev: unsafe-perm in lifecycle true
9 verbose lifecycle iep@1.0.2~dev: PATH: C:\Users\Administrator\AppData\Roaming\npm\node_modules\cnpm\node_modules\npm\bin\node-gyp-bin;C:\Users\Administrator\Desktop\iep0207\iep\node_modules\.bin;D:\cmder\bin;D:\cmder\vendor\git-for-windows\cmd;D:\cmder\vendor\conemu-maximus5\ConEmu\Scripts;D:\cmder\vendor\conemu-maximus5;D:\cmder\vendor\conemu-maximus5\ConEmu;d:\Program Files\ImageMagick-7.0.1-Q16;C:\Ruby22-x64\bin;C:\Windows\system32;C:\Windows;C:\Windows\System32\Wbem;C:\Program Files\nodejs\;C:\Program Files\TortoiseSVN\bin;C:\Program Files (x86)\Windows Kits\8.1\Windows Performance Toolkit\;C:\Windows\System32\WindowsPowerShell\v1.0\;C:\Program Files\Git\;C:\Windows\System32\WindowsPowerShell\v1.0\;D:\Program Files\TortoiseGit\bin;C:\Program Files\dotnet\;C:\Program Files\Microsoft SQL Server\130\Tools\Binn\;C:\Program Files (x86)\MySQL\MySQL Fabric 1.5.4 & MySQL Utilities 1.5.4 1.5\;C:\Program Files (x86)\MySQL\MySQL Fabric 1.5.4 & MySQL Utilities 1.5.4 1.5\Doctrine extensions for PHP\;C:\Users\Administrator\AppData\Roaming\npm;d:\Program Files (x86)\Microsoft VS Code\bin;C:\Users\Administrator\AppData\Local\Programs\Fiddler;D:\cmder\vendor\git-for-windows\usr\bin;D:\cmder\vendor\git-for-windows\usr\share\vim\vim74;D:\cmder\
10 verbose lifecycle iep@1.0.2~dev: CWD: C:\Users\Administrator\Desktop\iep0207\iep
11 silly lifecycle iep@1.0.2~dev: Args: [ '/d /s /c', 'node build/dev-server.js' ]
12 silly lifecycle iep@1.0.2~dev: Returned: code: 1  signal: null
13 info lifecycle iep@1.0.2~dev: Failed to exec dev script
14 verbose stack Error: iep@1.0.2 dev: `node build/dev-server.js`
14 verbose stack Exit status 1
14 verbose stack     at EventEmitter.<anonymous> (C:\Users\Administrator\AppData\Roaming\npm\node_modules\cnpm\node_modules\npm\lib\utils\lifecycle.js:255:16)
14 verbose stack     at emitTwo (events.js:106:13)
14 verbose stack     at EventEmitter.emit (events.js:191:7)
14 verbose stack     at ChildProcess.<anonymous> (C:\Users\Administrator\AppData\Roaming\npm\node_modules\cnpm\node_modules\npm\lib\utils\spawn.js:40:14)
14 verbose stack     at emitTwo (events.js:106:13)
14 verbose stack     at ChildProcess.emit (events.js:191:7)
14 verbose stack     at maybeClose (internal/child_process.js:886:16)
14 verbose stack     at Process.ChildProcess._handle.onexit (internal/child_process.js:226:5)
15 verbose pkgid iep@1.0.2
16 verbose cwd C:\Users\Administrator\Desktop\iep0207\iep
17 error Windows_NT 6.1.7601
18 error argv "C:\\Program Files\\nodejs\\node.exe" "C:\\Users\\Administrator\\AppData\\Roaming\\npm\\node_modules\\cnpm\\node_modules\\npm\\bin\\npm-cli.js" "--userconfig=C:\\Users\\Administrator\\.cnpmrc" "--disturl=https://npm.taobao.org/mirrors/node" "--registry=https://registry.npm.taobao.org" "run" "dev"
19 error node v6.10.3
20 error npm  v3.10.10
21 error code ELIFECYCLE
22 error iep@1.0.2 dev: `node build/dev-server.js`
22 error Exit status 1
23 error Failed at the iep@1.0.2 dev script 'node build/dev-server.js'.
23 error Make sure you have the latest version of node.js and npm installed.
23 error If you do, this is most likely a problem with the iep package,
23 error not with npm itself.
23 error Tell the author that this fails on your system:
23 error     node build/dev-server.js
23 error You can get information on how to open an issue for this project with:
23 error     npm bugs iep
23 error Or if that isn't available, you can get their info via:
23 error     npm owner ls iep
23 error There is likely additional logging output above.
24 verbose exit [ 1, true ]
